Using pre-set license
Built from '2021.1/staging' branch; Version is '2021.1.19f1 (5f5eb8bbdc25) revision 6250168'; Using compiler version '192528614'; Build Type 'Release'
OS: 'Windows 10 Education; OS build 17134.2208; Version 1803; 64bit' Language: 'cs' Physical Memory: 8067 MB
BatchMode: 1, IsHumanControllingUs: 0, StartBugReporterOnCrash: 0, Is64bit: 1, IsPro: 0

COMMAND LINE ARGUMENTS:
C:\Program Files\Unity\Hub\Editor\2021.1.19f1\Editor\Unity.exe
-adb2
-batchMode
-noUpm
-name
AssetImportWorker1
-projectPath
C:/Users/Malina_Jakub/Documents/GitHub/JumpoGame
-logFile
Logs/AssetImportWorker1.log
-srvPort
56076
Successfully changed project path to: C:/Users/Malina_Jakub/Documents/GitHub/JumpoGame
C:/Users/Malina_Jakub/Documents/GitHub/JumpoGame
Using Asset Import Pipeline V2.
Refreshing native plugins compatible for Editor in 112.58 ms, found 4 plugins.
Preloading 0 native plugins for Editor in 0.00 ms.
Initialize engine version: 2021.1.19f1 (5f5eb8bbdc25)
[Subsystems] Discovering subsystems at path C:/Program Files/Unity/Hub/Editor/2021.1.19f1/Editor/Data/Resources/UnitySubsystems
[Subsystems] Discovering subsystems at path C:/Users/Malina_Jakub/Documents/GitHub/JumpoGame/Assets
GfxDevice: creating device client; threaded=0; jobified=0
Direct3D:
    Version:  Direct3D 11.0 [level 11.1]
    Renderer: Intel(R) HD Graphics 630 (ID=0x5912)
    Vendor:   Intel
    VRAM:     4033 MB
    Driver:   23.20.16.4849
Initialize mono
Mono path[0] = 'C:/Program Files/Unity/Hub/Editor/2021.1.19f1/Editor/Data/Managed'
Mono path[1] = 'C:/Program Files/Unity/Hub/Editor/2021.1.19f1/Editor/Data/MonoBleedingEdge/lib/mono/unityjit'
Mono config path = 'C:/Program Files/Unity/Hub/Editor/2021.1.19f1/Editor/Data/MonoBleedingEdge/etc'
Using monoOptions --debugger-agent=transport=dt_socket,embedding=1,server=y,suspend=n,address=127.0.0.1:56840
Begin MonoManager ReloadAssembly
Registering precompiled unity dll's ...
Register platform support module: C:/Program Files/Unity/Hub/Editor/2021.1.19f1/Editor/Data/PlaybackEngines/WindowsStandaloneSupport/UnityEditor.WindowsStandalone.Extensions.dll
Registered in 0.001417 seconds.
Native extension for WindowsStandalone target not found
Refreshing native plugins compatible for Editor in 100.59 ms, found 4 plugins.
Preloading 0 native plugins for Editor in 0.00 ms.
Mono: successfully reloaded assembly
- Completed reload, in  1.263 seconds
Domain Reload Profiling:
	ReloadAssembly (1263ms)
		BeginReloadAssembly (60ms)
			ExecutionOrderSort (0ms)
			DisableScriptedObjects (0ms)
			BackupInstance (0ms)
			ReleaseScriptingObjects (0ms)
			CreateAndSetChildDomain (1ms)
		EndReloadAssembly (459ms)
			LoadAssemblies (58ms)
			RebuildTransferFunctionScriptingTraits (0ms)
			SetupTypeCache (157ms)
			ReleaseScriptCaches (0ms)
			RebuildScriptCaches (29ms)
			SetupLoadedEditorAssemblies (231ms)
				LogAssemblyErrors (0ms)
				InitializePlatformSupportModulesInManaged (6ms)
				SetLoadedEditorAssemblies (0ms)
				RefreshPlugins (101ms)
				BeforeProcessingInitializeOnLoad (1ms)
				ProcessInitializeOnLoadAttributes (94ms)
				ProcessInitializeOnLoadMethodAttributes (29ms)
				AfterProcessingInitializeOnLoad (0ms)
				EditorAssembliesLoaded (0ms)
			ExecutionOrderSort2 (0ms)
			AwakeInstancesAfterBackupRestoration (0ms)
Platform modules already initialized, skipping
Registering precompiled user dll's ...
Registered in 0.005249 seconds.
Begin MonoManager ReloadAssembly
Symbol file LoadedFromMemory doesn't match image C:\Users\Malina_Jakub\Documents\GitHub\JumpoGame\Library\PackageCache\com.unity.visualscripting@1.6.1\Editor\VisualScripting.Core\Dependencies\YamlDotNet\Unity.VisualScripting.YamlDotNet.dll
Symbol file LoadedFromMemory doesn't match image C:\Users\Malina_Jakub\Documents\GitHub\JumpoGame\Library\PackageCache\com.unity.visualscripting@1.6.1\Editor\VisualScripting.Core\Dependencies\DotNetZip\Unity.VisualScripting.IonicZip.dll
Native extension for WindowsStandalone target not found
Refreshing native plugins compatible for Editor in 101.40 ms, found 4 plugins.
Preloading 0 native plugins for Editor in 0.00 ms.
Mono: successfully reloaded assembly
- Completed reload, in  1.413 seconds
Domain Reload Profiling:
	ReloadAssembly (1414ms)
		BeginReloadAssembly (147ms)
			ExecutionOrderSort (0ms)
			DisableScriptedObjects (4ms)
			BackupInstance (0ms)
			ReleaseScriptingObjects (0ms)
			CreateAndSetChildDomain (19ms)
		EndReloadAssembly (1212ms)
			LoadAssemblies (120ms)
			RebuildTransferFunctionScriptingTraits (0ms)
			SetupTypeCache (356ms)
			ReleaseScriptCaches (1ms)
			RebuildScriptCaches (52ms)
			SetupLoadedEditorAssemblies (595ms)
				LogAssemblyErrors (0ms)
				InitializePlatformSupportModulesInManaged (4ms)
				SetLoadedEditorAssemblies (0ms)
				RefreshPlugins (102ms)
				BeforeProcessingInitializeOnLoad (81ms)
				ProcessInitializeOnLoadAttributes (387ms)
				ProcessInitializeOnLoadMethodAttributes (16ms)
				AfterProcessingInitializeOnLoad (5ms)
				EditorAssembliesLoaded (0ms)
			ExecutionOrderSort2 (0ms)
			AwakeInstancesAfterBackupRestoration (7ms)
Platform modules already initialized, skipping
========================================================================
Worker process is ready to serve import requests
Launched and connected shader compiler UnityShaderCompiler.exe after 0.03 seconds
Refreshing native plugins compatible for Editor in 1.22 ms, found 4 plugins.
Preloading 0 native plugins for Editor in 0.00 ms.
Unloading 3689 Unused Serialized files (Serialized files now loaded: 0)
System memory in use before: 138.5 MB.
System memory in use after: 138.7 MB.

Unloading 30 unused Assets to reduce memory usage. Loaded Objects now: 4140.
Total: 5.882234 ms (FindLiveObjects: 0.500220 ms CreateObjectMapping: 0.458862 ms MarkObjects: 4.822113 ms  DeleteObjects: 0.099206 ms)

AssetImportParameters requested are different than current active one (requested -> active):
  custom:framework-win-MediaFoundation: 216162199b28c13a410421893ffa2e32 -> 
  custom:video-decoder-ogg-theora: a1e56fd34408186e4bbccfd4996cb3dc -> 
  custom:container-muxer-webm: aa71ff27fc2769a1b78a27578f13a17b -> 
  custom:container-demuxer-webm: 4f35f7cbe854078d1ac9338744f61a02 -> 
  custom:container-demuxer-ogg: 62fdf1f143b41e24485cea50d1cbac27 -> 
  custom:video-encoder-webm-vp8: eb34c28f22e8b96e1ab97ce403110664 -> 
  custom:video-decoder-webm-vp8: 9c59270c3fd7afecdb556c50c9e8de78 -> 
  custom:audio-decoder-ogg-vorbis: bf7c407c2cedff20999df2af8eb42d56 -> 
  custom:audio-encoder-webm-vorbis: bf7c407c2cedff20999df2af8eb42d56 -> 
========================================================================
Received Import Request.
  path: Assets/Scenes/Menu.unity
  artifactKey: Guid(2cda990e2423bbf4892e6590ba056729) Importer(815301076,1909f56bfc062723c751e8b465ee728b)
Start importing Assets/Scenes/Menu.unity using Guid(2cda990e2423bbf4892e6590ba056729) Importer(815301076,1909f56bfc062723c751e8b465ee728b)  -> (artifact id: 'b34e24add60cfd82d673b38853d2f4a6') in 0.021689 seconds 
========================================================================
Received Prepare
Registering precompiled user dll's ...
Registered in 3.624138 seconds.
Begin MonoManager ReloadAssembly
Symbol file LoadedFromMemory doesn't match image C:\Users\Malina_Jakub\Documents\GitHub\JumpoGame\Library\PackageCache\com.unity.visualscripting@1.6.1\Editor\VisualScripting.Core\Dependencies\YamlDotNet\Unity.VisualScripting.YamlDotNet.dll
Symbol file LoadedFromMemory doesn't match image C:\Users\Malina_Jakub\Documents\GitHub\JumpoGame\Library\PackageCache\com.unity.visualscripting@1.6.1\Editor\VisualScripting.Core\Dependencies\DotNetZip\Unity.VisualScripting.IonicZip.dll
Native extension for WindowsStandalone target not found
Refreshing native plugins compatible for Editor in 0.68 ms, found 4 plugins.
Preloading 0 native plugins for Editor in 0.00 ms.
Mono: successfully reloaded assembly
- Completed reload, in 12.737 seconds
Domain Reload Profiling:
	ReloadAssembly (12737ms)
		BeginReloadAssembly (5129ms)
			ExecutionOrderSort (0ms)
			DisableScriptedObjects (9ms)
			BackupInstance (0ms)
			ReleaseScriptingObjects (0ms)
			CreateAndSetChildDomain (48ms)
		EndReloadAssembly (7408ms)
			LoadAssemblies (9718ms)
			RebuildTransferFunctionScriptingTraits (0ms)
			SetupTypeCache (1850ms)
			ReleaseScriptCaches (1ms)
			RebuildScriptCaches (46ms)
			SetupLoadedEditorAssemblies (499ms)
				LogAssemblyErrors (0ms)
				InitializePlatformSupportModulesInManaged (5ms)
				SetLoadedEditorAssemblies (0ms)
				RefreshPlugins (1ms)
				BeforeProcessingInitializeOnLoad (64ms)
				ProcessInitializeOnLoadAttributes (410ms)
				ProcessInitializeOnLoadMethodAttributes (11ms)
				AfterProcessingInitializeOnLoad (8ms)
				EditorAssembliesLoaded (0ms)
			ExecutionOrderSort2 (0ms)
			AwakeInstancesAfterBackupRestoration (16ms)
Platform modules already initialized, skipping
Refreshing native plugins compatible for Editor in 3.00 ms, found 4 plugins.
Preloading 0 native plugins for Editor in 0.00 ms.
Unloading 3666 Unused Serialized files (Serialized files now loaded: 0)
System memory in use before: 136.7 MB.
System memory in use after: 137.0 MB.

Unloading 18 unused Assets to reduce memory usage. Loaded Objects now: 4143.
Total: 7.823958 ms (FindLiveObjects: 1.069021 ms CreateObjectMapping: 0.902543 ms MarkObjects: 5.800828 ms  DeleteObjects: 0.047378 ms)

AssetImportParameters requested are different than current active one (requested -> active):
  custom:framework-win-MediaFoundation: 216162199b28c13a410421893ffa2e32 -> 
  custom:video-decoder-ogg-theora: a1e56fd34408186e4bbccfd4996cb3dc -> 
  custom:container-muxer-webm: aa71ff27fc2769a1b78a27578f13a17b -> 
  custom:container-demuxer-webm: 4f35f7cbe854078d1ac9338744f61a02 -> 
  custom:container-demuxer-ogg: 62fdf1f143b41e24485cea50d1cbac27 -> 
  custom:video-encoder-webm-vp8: eb34c28f22e8b96e1ab97ce403110664 -> 
  custom:video-decoder-webm-vp8: 9c59270c3fd7afecdb556c50c9e8de78 -> 
  custom:audio-decoder-ogg-vorbis: bf7c407c2cedff20999df2af8eb42d56 -> 
  custom:audio-encoder-webm-vorbis: bf7c407c2cedff20999df2af8eb42d56 -> 
========================================================================
Received Prepare
Registering precompiled user dll's ...
Registered in 1.273698 seconds.
Begin MonoManager ReloadAssembly
Symbol file LoadedFromMemory doesn't match image C:\Users\Malina_Jakub\Documents\GitHub\JumpoGame\Library\PackageCache\com.unity.visualscripting@1.6.1\Editor\VisualScripting.Core\Dependencies\YamlDotNet\Unity.VisualScripting.YamlDotNet.dll
Symbol file LoadedFromMemory doesn't match image C:\Users\Malina_Jakub\Documents\GitHub\JumpoGame\Library\PackageCache\com.unity.visualscripting@1.6.1\Editor\VisualScripting.Core\Dependencies\DotNetZip\Unity.VisualScripting.IonicZip.dll
Native extension for WindowsStandalone target not found
Refreshing native plugins compatible for Editor in 0.84 ms, found 4 plugins.
Preloading 0 native plugins for Editor in 0.00 ms.
Mono: successfully reloaded assembly
- Completed reload, in  6.357 seconds
Domain Reload Profiling:
	ReloadAssembly (6358ms)
		BeginReloadAssembly (1183ms)
			ExecutionOrderSort (0ms)
			DisableScriptedObjects (7ms)
			BackupInstance (0ms)
			ReleaseScriptingObjects (0ms)
			CreateAndSetChildDomain (52ms)
		EndReloadAssembly (5106ms)
			LoadAssemblies (5072ms)
			RebuildTransferFunctionScriptingTraits (0ms)
			SetupTypeCache (426ms)
			ReleaseScriptCaches (2ms)
			RebuildScriptCaches (59ms)
			SetupLoadedEditorAssemblies (448ms)
				LogAssemblyErrors (0ms)
				InitializePlatformSupportModulesInManaged (5ms)
				SetLoadedEditorAssemblies (0ms)
				RefreshPlugins (1ms)
				BeforeProcessingInitializeOnLoad (69ms)
				ProcessInitializeOnLoadAttributes (354ms)
				ProcessInitializeOnLoadMethodAttributes (11ms)
				AfterProcessingInitializeOnLoad (6ms)
				EditorAssembliesLoaded (0ms)
			ExecutionOrderSort2 (0ms)
			AwakeInstancesAfterBackupRestoration (13ms)
Platform modules already initialized, skipping
Refreshing native plugins compatible for Editor in 0.68 ms, found 4 plugins.
Preloading 0 native plugins for Editor in 0.00 ms.
Unloading 3671 Unused Serialized files (Serialized files now loaded: 0)
System memory in use before: 136.9 MB.
System memory in use after: 137.1 MB.

Unloading 18 unused Assets to reduce memory usage. Loaded Objects now: 4151.
Total: 3.621427 ms (FindLiveObjects: 0.281129 ms CreateObjectMapping: 0.185325 ms MarkObjects: 3.129321 ms  DeleteObjects: 0.024605 ms)

AssetImportParameters requested are different than current active one (requested -> active):
  custom:framework-win-MediaFoundation: 216162199b28c13a410421893ffa2e32 -> 
  custom:video-decoder-ogg-theora: a1e56fd34408186e4bbccfd4996cb3dc -> 
  custom:container-muxer-webm: aa71ff27fc2769a1b78a27578f13a17b -> 
  custom:container-demuxer-webm: 4f35f7cbe854078d1ac9338744f61a02 -> 
  custom:container-demuxer-ogg: 62fdf1f143b41e24485cea50d1cbac27 -> 
  custom:video-encoder-webm-vp8: eb34c28f22e8b96e1ab97ce403110664 -> 
  custom:video-decoder-webm-vp8: 9c59270c3fd7afecdb556c50c9e8de78 -> 
  custom:audio-decoder-ogg-vorbis: bf7c407c2cedff20999df2af8eb42d56 -> 
  custom:audio-encoder-webm-vorbis: bf7c407c2cedff20999df2af8eb42d56 -> 
========================================================================
Received Import Request.
  Time since last request: 753.009687 seconds.
  path: Assets/2D SpritePack/2DPlatformerPack
  artifactKey: Guid(ad8ecfdfafeb772489a08b77c257cc3e) Importer(815301076,1909f56bfc062723c751e8b465ee728b)
Start importing Assets/2D SpritePack/2DPlatformerPack using Guid(ad8ecfdfafeb772489a08b77c257cc3e) Importer(815301076,1909f56bfc062723c751e8b465ee728b)  -> (artifact id: 'e1fa88500c785a3aeb92430c57b6019c') in 0.013531 seconds 
========================================================================
Received Import Request.
  Time since last request: 0.000247 seconds.
  path: Assets/2D SpritePack/2DPlatformerPack/Spruce_1.png
  artifactKey: Guid(32dd35b7a311b5e449085a0167ae0974) Importer(815301076,1909f56bfc062723c751e8b465ee728b)
Start importing Assets/2D SpritePack/2DPlatformerPack/Spruce_1.png using Guid(32dd35b7a311b5e449085a0167ae0974) Importer(815301076,1909f56bfc062723c751e8b465ee728b)  -> (artifact id: '229380f3c2fd093baeb98593b4c3b48b') in 0.206676 seconds 
========================================================================
Received Import Request.
  Time since last request: 0.000233 seconds.
  path: Assets/2D SpritePack/2DPlatformerPack/Tree_4.png
  artifactKey: Guid(09b481fa827f62b4986bcd622ad82a9a) Importer(815301076,1909f56bfc062723c751e8b465ee728b)
Start importing Assets/2D SpritePack/2DPlatformerPack/Tree_4.png using Guid(09b481fa827f62b4986bcd622ad82a9a) Importer(815301076,1909f56bfc062723c751e8b465ee728b)  -> (artifact id: '88b089cbc640f4931c68462993e811a6') in 0.053557 seconds 
========================================================================
Received Import Request.
  Time since last request: 0.000199 seconds.
  path: Assets/2D SpritePack/2DPlatformerPack/Stone_1.png
  artifactKey: Guid(1ca187d7c1ead76428a4ed55eb317f2c) Importer(815301076,1909f56bfc062723c751e8b465ee728b)
Start importing Assets/2D SpritePack/2DPlatformerPack/Stone_1.png using Guid(1ca187d7c1ead76428a4ed55eb317f2c) Importer(815301076,1909f56bfc062723c751e8b465ee728b)  -> (artifact id: 'b1ce2443193fc16bd9811ebea996d06e') in 0.044280 seconds 
========================================================================
Received Import Request.
  Time since last request: 0.000250 seconds.
  path: Assets/2D SpritePack/2DPlatformerPack/Block_3.png
  artifactKey: Guid(7bfcd6693f84ef04182ba2ddecb53ca1) Importer(815301076,1909f56bfc062723c751e8b465ee728b)
Start importing Assets/2D SpritePack/2DPlatformerPack/Block_3.png using Guid(7bfcd6693f84ef04182ba2ddecb53ca1) Importer(815301076,1909f56bfc062723c751e8b465ee728b)  -> (artifact id: '5f662878bb12948e3d3990ed77a37149') in 0.036858 seconds 
========================================================================
Received Import Request.
  Time since last request: 0.000196 seconds.
  path: Assets/2D SpritePack/2DPlatformerPack/Bush_1.png
  artifactKey: Guid(b35f8839f2f5ff34dadac49db1c75792) Importer(815301076,1909f56bfc062723c751e8b465ee728b)
Start importing Assets/2D SpritePack/2DPlatformerPack/Bush_1.png using Guid(b35f8839f2f5ff34dadac49db1c75792) Importer(815301076,1909f56bfc062723c751e8b465ee728b)  -> (artifact id: '2649dd84edfca3939868eb2abd53107d') in 0.027187 seconds 
========================================================================
Received Import Request.
  Time since last request: 0.000272 seconds.
  path: Assets/2D SpritePack/2DPlatformerPack/Cactus_2.png
  artifactKey: Guid(b7b2431a3cad5b143a45703898abe562) Importer(815301076,1909f56bfc062723c751e8b465ee728b)
Start importing Assets/2D SpritePack/2DPlatformerPack/Cactus_2.png using Guid(b7b2431a3cad5b143a45703898abe562) Importer(815301076,1909f56bfc062723c751e8b465ee728b)  -> (artifact id: '28f474784b3d68ce1c04aa5301e897f1') in 0.026004 seconds 
========================================================================
Received Import Request.
  Time since last request: 0.000201 seconds.
  path: Assets/2D SpritePack/2DPlatformerPack/Tree_1.png
  artifactKey: Guid(30a0da852442b8745ba471234f01ed22) Importer(815301076,1909f56bfc062723c751e8b465ee728b)
Start importing Assets/2D SpritePack/2DPlatformerPack/Tree_1.png using Guid(30a0da852442b8745ba471234f01ed22) Importer(815301076,1909f56bfc062723c751e8b465ee728b)  -> (artifact id: '2027b71b3f4ecda76c9335c0585e036b') in 0.026936 seconds 
========================================================================
Received Import Request.
  Time since last request: 0.000188 seconds.
  path: Assets/2D SpritePack/2DPlatformerPack/Block_4.png
  artifactKey: Guid(40af251780c2fe04fa8c970d136208dc) Importer(815301076,1909f56bfc062723c751e8b465ee728b)
Start importing Assets/2D SpritePack/2DPlatformerPack/Block_4.png using Guid(40af251780c2fe04fa8c970d136208dc) Importer(815301076,1909f56bfc062723c751e8b465ee728b)  -> (artifact id: '6f71201031063f92c97f2894e29c1827') in 0.035452 seconds 
========================================================================
Received Import Request.
  Time since last request: 0.000184 seconds.
  path: Assets/2D SpritePack/2DPlatformerPack/Island_1.png
  artifactKey: Guid(8428c48e20b5fbd4cb30bfcd8dad9f55) Importer(815301076,1909f56bfc062723c751e8b465ee728b)
Start importing Assets/2D SpritePack/2DPlatformerPack/Island_1.png using Guid(8428c48e20b5fbd4cb30bfcd8dad9f55) Importer(815301076,1909f56bfc062723c751e8b465ee728b)  -> (artifact id: 'ae312a60f4298b57e2da9ea64111aac3') in 0.034835 seconds 
========================================================================
Received Import Request.
  Time since last request: 0.000216 seconds.
  path: Assets/2D SpritePack/2DPlatformerPack/Platform_1.png
  artifactKey: Guid(8ca1d97dc842aac4ea44172b97562cac) Importer(815301076,1909f56bfc062723c751e8b465ee728b)
Start importing Assets/2D SpritePack/2DPlatformerPack/Platform_1.png using Guid(8ca1d97dc842aac4ea44172b97562cac) Importer(815301076,1909f56bfc062723c751e8b465ee728b)  -> (artifact id: '2b1c9e7393981b84d3bb105ec933b28c') in 0.030985 seconds 
========================================================================
Received Import Request.
  Time since last request: 0.000193 seconds.
  path: Assets/2D SpritePack/2DPlatformerPack/Grass.png
  artifactKey: Guid(3f7be6795839fcb4d9ac955a8d273c75) Importer(815301076,1909f56bfc062723c751e8b465ee728b)
Start importing Assets/2D SpritePack/2DPlatformerPack/Grass.png using Guid(3f7be6795839fcb4d9ac955a8d273c75) Importer(815301076,1909f56bfc062723c751e8b465ee728b)  -> (artifact id: '26f3a568048ebebcc9081ec55c49766e') in 0.035353 seconds 
========================================================================
Received Import Request.
  Time since last request: 0.000205 seconds.
  path: Assets/2D SpritePack/2DPlatformerPack/Platform_5.png
  artifactKey: Guid(ace6c494ab6d0bc4bb9f3bab7fd66244) Importer(815301076,1909f56bfc062723c751e8b465ee728b)
Start importing Assets/2D SpritePack/2DPlatformerPack/Platform_5.png using Guid(ace6c494ab6d0bc4bb9f3bab7fd66244) Importer(815301076,1909f56bfc062723c751e8b465ee728b)  -> (artifact id: '95134c3c2a2eadecda8c9077695af3b8') in 0.032850 seconds 
========================================================================
Received Import Request.
  Time since last request: 0.000222 seconds.
  path: Assets/2D SpritePack/2DPlatformerPack/Block_2.png
  artifactKey: Guid(1bcad508d24a4be4c819d15480d71902) Importer(815301076,1909f56bfc062723c751e8b465ee728b)
Start importing Assets/2D SpritePack/2DPlatformerPack/Block_2.png using Guid(1bcad508d24a4be4c819d15480d71902) Importer(815301076,1909f56bfc062723c751e8b465ee728b)  -> (artifact id: '3c281e2196caa256c64f75b10ba7cc30') in 0.041724 seconds 
========================================================================
Received Import Request.
  Time since last request: 0.000197 seconds.
  path: Assets/2D SpritePack/2DPlatformerPack/Mountain_1.png
  artifactKey: Guid(54df9bb36e1444349a057dd2b2216adb) Importer(815301076,1909f56bfc062723c751e8b465ee728b)
Start importing Assets/2D SpritePack/2DPlatformerPack/Mountain_1.png using Guid(54df9bb36e1444349a057dd2b2216adb) Importer(815301076,1909f56bfc062723c751e8b465ee728b)  -> (artifact id: '56f649e5a0a2d67d54c74a001689052e') in 0.042578 seconds 
========================================================================
Received Import Request.
  Time since last request: 0.000183 seconds.
  path: Assets/2D SpritePack/2DPlatformerPack/Tree_2.png
  artifactKey: Guid(fd39d90f98bd5214b9f7709a4179374c) Importer(815301076,1909f56bfc062723c751e8b465ee728b)
Start importing Assets/2D SpritePack/2DPlatformerPack/Tree_2.png using Guid(fd39d90f98bd5214b9f7709a4179374c) Importer(815301076,1909f56bfc062723c751e8b465ee728b)  -> (artifact id: '0894db8f25a418f96bd853aeffe17447') in 0.046101 seconds 
========================================================================
Received Import Request.
  Time since last request: 0.000191 seconds.
  path: Assets/2D SpritePack/2DPlatformerPack/Stone_3.png
  artifactKey: Guid(8dd1de3f057be4544b427f3d91c98549) Importer(815301076,1909f56bfc062723c751e8b465ee728b)
Start importing Assets/2D SpritePack/2DPlatformerPack/Stone_3.png using Guid(8dd1de3f057be4544b427f3d91c98549) Importer(815301076,1909f56bfc062723c751e8b465ee728b)  -> (artifact id: '673b189e727177fd920552d6df946434') in 0.026332 seconds 
========================================================================
Received Import Request.
  Time since last request: 0.000228 seconds.
  path: Assets/2D SpritePack/2DPlatformerPack/Saw_2.png
  artifactKey: Guid(ddcfab399db0f8d459f71eaa2239bdd6) Importer(815301076,1909f56bfc062723c751e8b465ee728b)
Start importing Assets/2D SpritePack/2DPlatformerPack/Saw_2.png using Guid(ddcfab399db0f8d459f71eaa2239bdd6) Importer(815301076,1909f56bfc062723c751e8b465ee728b)  -> (artifact id: '21bf105534baf60011636a05e25ed6f2') in 0.028402 seconds 
========================================================================
Received Import Request.
  Time since last request: 0.000213 seconds.
  path: Assets/2D SpritePack/2DPlatformerPack/Saw_3.png
  artifactKey: Guid(d2c99a1e8c017bf408f410f27bbc631f) Importer(815301076,1909f56bfc062723c751e8b465ee728b)
Start importing Assets/2D SpritePack/2DPlatformerPack/Saw_3.png using Guid(d2c99a1e8c017bf408f410f27bbc631f) Importer(815301076,1909f56bfc062723c751e8b465ee728b)  -> (artifact id: '2b99e31c8b4ebd1de3d951424268e59b') in 0.037356 seconds 
========================================================================
Received Import Request.
  Time since last request: 0.000187 seconds.
  path: Assets/2D SpritePack/2DPlatformerPack/BackGrounds.png
  artifactKey: Guid(53b261ead359c08418f863aea2aceaf3) Importer(815301076,1909f56bfc062723c751e8b465ee728b)
Start importing Assets/2D SpritePack/2DPlatformerPack/BackGrounds.png using Guid(53b261ead359c08418f863aea2aceaf3) Importer(815301076,1909f56bfc062723c751e8b465ee728b)  -> (artifact id: '52f11c639d9e05d69e601ee5c3338f65') in 0.044210 seconds 
========================================================================
Received Import Request.
  Time since last request: 0.000220 seconds.
  path: Assets/2D SpritePack/2DPlatformerPack/Box.png
  artifactKey: Guid(21c7be17d25f23345ade31a8658b7532) Importer(815301076,1909f56bfc062723c751e8b465ee728b)
Start importing Assets/2D SpritePack/2DPlatformerPack/Box.png using Guid(21c7be17d25f23345ade31a8658b7532) Importer(815301076,1909f56bfc062723c751e8b465ee728b)  -> (artifact id: 'dea45d4148e96600b236968884bd6c0e') in 0.039346 seconds 
========================================================================
Received Import Request.
  Time since last request: 0.000333 seconds.
  path: Assets/2D SpritePack/2DPlatformerPack/Mountain_2.png
  artifactKey: Guid(07151b65ff486ce4eb70c0a61df60b74) Importer(815301076,1909f56bfc062723c751e8b465ee728b)
Start importing Assets/2D SpritePack/2DPlatformerPack/Mountain_2.png using Guid(07151b65ff486ce4eb70c0a61df60b74) Importer(815301076,1909f56bfc062723c751e8b465ee728b)  -> (artifact id: 'ea4b354e259864c356e65c82ebaa4d96') in 0.048859 seconds 
========================================================================
Received Import Request.
  Time since last request: 0.000213 seconds.
  path: Assets/2D SpritePack/2DPlatformerPack/Platform_3.png
  artifactKey: Guid(bb6356c39a7069447b7183dff2d646c9) Importer(815301076,1909f56bfc062723c751e8b465ee728b)
Start importing Assets/2D SpritePack/2DPlatformerPack/Platform_3.png using Guid(bb6356c39a7069447b7183dff2d646c9) Importer(815301076,1909f56bfc062723c751e8b465ee728b)  -> (artifact id: 'f8d1539639a749f50ef37add8f5e1fb5') in 0.032866 seconds 
========================================================================
Received Import Request.
  Time since last request: 0.000208 seconds.
  path: Assets/2D SpritePack/2DPlatformerPack/Tree_3.png
  artifactKey: Guid(597a52d7cb2210541ac9ef8e99f71e76) Importer(815301076,1909f56bfc062723c751e8b465ee728b)
Start importing Assets/2D SpritePack/2DPlatformerPack/Tree_3.png using Guid(597a52d7cb2210541ac9ef8e99f71e76) Importer(815301076,1909f56bfc062723c751e8b465ee728b)  -> (artifact id: 'cd7d69eb437b2f5a86c3b4d10a3af96e') in 0.052467 seconds 
========================================================================
Received Import Request.
  Time since last request: 0.000234 seconds.
  path: Assets/2D SpritePack/2DPlatformerPack/Block_1.png
  artifactKey: Guid(1f0a53bd8babac54c96de075aad93b2d) Importer(815301076,1909f56bfc062723c751e8b465ee728b)
Start importing Assets/2D SpritePack/2DPlatformerPack/Block_1.png using Guid(1f0a53bd8babac54c96de075aad93b2d) Importer(815301076,1909f56bfc062723c751e8b465ee728b)  -> (artifact id: '1a2335cc4735cbb15536e36ec4b37443') in 0.040795 seconds 
========================================================================
Received Import Request.
  Time since last request: 0.000199 seconds.
  path: Assets/2D SpritePack/2DPlatformerPack/Island_2.png
  artifactKey: Guid(3b7045e28cd06f645a2dee50a47e731e) Importer(815301076,1909f56bfc062723c751e8b465ee728b)
Start importing Assets/2D SpritePack/2DPlatformerPack/Island_2.png using Guid(3b7045e28cd06f645a2dee50a47e731e) Importer(815301076,1909f56bfc062723c751e8b465ee728b)  -> (artifact id: 'abc4b7fbd6b0ad7c7e3c7c9b4f7f9973') in 0.052204 seconds 
========================================================================
Received Import Request.
  Time since last request: 0.000207 seconds.
  path: Assets/2D SpritePack/2DPlatformerPack/Platform_2.png
  artifactKey: Guid(78c53f1545456df4db129c8d0c361a36) Importer(815301076,1909f56bfc062723c751e8b465ee728b)
Start importing Assets/2D SpritePack/2DPlatformerPack/Platform_2.png using Guid(78c53f1545456df4db129c8d0c361a36) Importer(815301076,1909f56bfc062723c751e8b465ee728b)  -> (artifact id: '35111d92be715d2bd6745a7a5fdd40b5') in 0.040005 seconds 
========================================================================
Received Import Request.
  Time since last request: 0.000191 seconds.
  path: Assets/2D SpritePack/2DPlatformerPack/Stone_2.png
  artifactKey: Guid(7370f989e39a2ac428ea607ea701a7f1) Importer(815301076,1909f56bfc062723c751e8b465ee728b)
Start importing Assets/2D SpritePack/2DPlatformerPack/Stone_2.png using Guid(7370f989e39a2ac428ea607ea701a7f1) Importer(815301076,1909f56bfc062723c751e8b465ee728b)  -> (artifact id: '0af96347f296ec3eec17593da71c9716') in 0.026815 seconds 
========================================================================
Received Import Request.
  Time since last request: 0.000209 seconds.
  path: Assets/2D SpritePack/2DPlatformerPack/Resources.png
  artifactKey: Guid(96b31729c8bd12e43896813627177883) Importer(815301076,1909f56bfc062723c751e8b465ee728b)
Start importing Assets/2D SpritePack/2DPlatformerPack/Resources.png using Guid(96b31729c8bd12e43896813627177883) Importer(815301076,1909f56bfc062723c751e8b465ee728b)  -> (artifact id: 'cb8b7cdc8018d8cd4cdaff02919a06b3') in 0.039496 seconds 
========================================================================
Received Import Request.
  Time since last request: 0.000248 seconds.
  path: Assets/2D SpritePack/2DPlatformerPack/HeroTest.png
  artifactKey: Guid(b7a06439e118dc8418a8b39f7af8f91a) Importer(815301076,1909f56bfc062723c751e8b465ee728b)
Start importing Assets/2D SpritePack/2DPlatformerPack/HeroTest.png using Guid(b7a06439e118dc8418a8b39f7af8f91a) Importer(815301076,1909f56bfc062723c751e8b465ee728b)  -> (artifact id: '7055135d66477b3b376afe76af9655e9') in 0.034242 seconds 
========================================================================
Received Import Request.
  Time since last request: 0.000181 seconds.
  path: Assets/2D SpritePack/2DPlatformerPack/Cactus_1.png
  artifactKey: Guid(99eb8028a09758f428a2f40cab25a2ed) Importer(815301076,1909f56bfc062723c751e8b465ee728b)
Start importing Assets/2D SpritePack/2DPlatformerPack/Cactus_1.png using Guid(99eb8028a09758f428a2f40cab25a2ed) Importer(815301076,1909f56bfc062723c751e8b465ee728b)  -> (artifact id: '9eebdccc7e5d1934cd7a16093809d40a') in 0.030081 seconds 
========================================================================
Received Import Request.
  Time since last request: 0.000186 seconds.
  path: Assets/2D SpritePack/2DPlatformerPack/Platform_4.png
  artifactKey: Guid(c5b62c192ac41184d9945a978deabdda) Importer(815301076,1909f56bfc062723c751e8b465ee728b)
Start importing Assets/2D SpritePack/2DPlatformerPack/Platform_4.png using Guid(c5b62c192ac41184d9945a978deabdda) Importer(815301076,1909f56bfc062723c751e8b465ee728b)  -> (artifact id: '56e29b0dc5cb59a5593528b8c45fe2ea') in 0.025033 seconds 
========================================================================
Received Import Request.
  Time since last request: 0.000212 seconds.
  path: Assets/2D SpritePack/2DPlatformerPack/Bush_2.png
  artifactKey: Guid(a1c3c918ee5d5ad468ddf0ebe36619b9) Importer(815301076,1909f56bfc062723c751e8b465ee728b)
Start importing Assets/2D SpritePack/2DPlatformerPack/Bush_2.png using Guid(a1c3c918ee5d5ad468ddf0ebe36619b9) Importer(815301076,1909f56bfc062723c751e8b465ee728b)  -> (artifact id: '6d90cf14c05d3431d1fb3b9eaa8aba88') in 0.039800 seconds 
========================================================================
Received Import Request.
  Time since last request: 0.000188 seconds.
  path: Assets/2D SpritePack/2DPlatformerPack/Spruce_2.png
  artifactKey: Guid(44882031f4e67164eb44dae6f7b37b10) Importer(815301076,1909f56bfc062723c751e8b465ee728b)
Start importing Assets/2D SpritePack/2DPlatformerPack/Spruce_2.png using Guid(44882031f4e67164eb44dae6f7b37b10) Importer(815301076,1909f56bfc062723c751e8b465ee728b)  -> (artifact id: '3ba1233ec267b5d1bd1d6dac1eef6a8d') in 0.040880 seconds 
========================================================================
Received Import Request.
  Time since last request: 0.000190 seconds.
  path: Assets/2D SpritePack/2DPlatformerPack/Saw_1.png
  artifactKey: Guid(98189ce31b0c4d9478c0874e107d19d4) Importer(815301076,1909f56bfc062723c751e8b465ee728b)
Start importing Assets/2D SpritePack/2DPlatformerPack/Saw_1.png using Guid(98189ce31b0c4d9478c0874e107d19d4) Importer(815301076,1909f56bfc062723c751e8b465ee728b)  -> (artifact id: '7886372de26795b031593ffc97654c8e') in 0.034979 seconds 
========================================================================
Received Import Request.
  Time since last request: 0.000187 seconds.
  path: Assets/2D SpritePack/2DPlatformerPack/Portal.png
  artifactKey: Guid(2ab3265028b0e9041b7740917c2a83c8) Importer(815301076,1909f56bfc062723c751e8b465ee728b)
Start importing Assets/2D SpritePack/2DPlatformerPack/Portal.png using Guid(2ab3265028b0e9041b7740917c2a83c8) Importer(815301076,1909f56bfc062723c751e8b465ee728b)  -> (artifact id: '8bf598fd942ad9a6864257a516cb1ef6') in 0.042439 seconds 
========================================================================
Received Prepare
Registering precompiled user dll's ...
Registered in 0.011214 seconds.
Begin MonoManager ReloadAssembly
Symbol file LoadedFromMemory doesn't match image C:\Users\Malina_Jakub\Documents\GitHub\JumpoGame\Library\PackageCache\com.unity.visualscripting@1.6.1\Editor\VisualScripting.Core\Dependencies\YamlDotNet\Unity.VisualScripting.YamlDotNet.dll
Symbol file LoadedFromMemory doesn't match image C:\Users\Malina_Jakub\Documents\GitHub\JumpoGame\Library\PackageCache\com.unity.visualscripting@1.6.1\Editor\VisualScripting.Core\Dependencies\DotNetZip\Unity.VisualScripting.IonicZip.dll
Native extension for WindowsStandalone target not found
Refreshing native plugins compatible for Editor in 1.98 ms, found 4 plugins.
Preloading 0 native plugins for Editor in 0.00 ms.
Mono: successfully reloaded assembly
- Completed reload, in  3.564 seconds
Domain Reload Profiling:
	ReloadAssembly (3565ms)
		BeginReloadAssembly (241ms)
			ExecutionOrderSort (0ms)
			DisableScriptedObjects (14ms)
			BackupInstance (0ms)
			ReleaseScriptingObjects (0ms)
			CreateAndSetChildDomain (81ms)
		EndReloadAssembly (3205ms)
			LoadAssemblies (217ms)
			RebuildTransferFunctionScriptingTraits (0ms)
			SetupTypeCache (830ms)
			ReleaseScriptCaches (2ms)
			RebuildScriptCaches (97ms)
			SetupLoadedEditorAssemblies (426ms)
				LogAssemblyErrors (0ms)
				InitializePlatformSupportModulesInManaged (10ms)
				SetLoadedEditorAssemblies (1ms)
				RefreshPlugins (2ms)
				BeforeProcessingInitializeOnLoad (109ms)
				ProcessInitializeOnLoadAttributes (289ms)
				ProcessInitializeOnLoadMethodAttributes (10ms)
				AfterProcessingInitializeOnLoad (5ms)
				EditorAssembliesLoaded (0ms)
			ExecutionOrderSort2 (0ms)
			AwakeInstancesAfterBackupRestoration (21ms)
Platform modules already initialized, skipping
Refreshing native plugins compatible for Editor in 1.84 ms, found 4 plugins.
Preloading 0 native plugins for Editor in 0.00 ms.
Unloading 3706 Unused Serialized files (Serialized files now loaded: 0)
System memory in use before: 379.6 MB.
System memory in use after: 379.8 MB.

Unloading 18 unused Assets to reduce memory usage. Loaded Objects now: 4736.
Total: 8.189373 ms (FindLiveObjects: 0.896784 ms CreateObjectMapping: 0.827680 ms MarkObjects: 6.402872 ms  DeleteObjects: 0.059419 ms)

AssetImportParameters requested are different than current active one (requested -> active):
  custom:framework-win-MediaFoundation: 216162199b28c13a410421893ffa2e32 -> 
  custom:video-decoder-ogg-theora: a1e56fd34408186e4bbccfd4996cb3dc -> 
  custom:container-muxer-webm: aa71ff27fc2769a1b78a27578f13a17b -> 
  custom:container-demuxer-webm: 4f35f7cbe854078d1ac9338744f61a02 -> 
  custom:container-demuxer-ogg: 62fdf1f143b41e24485cea50d1cbac27 -> 
  custom:video-encoder-webm-vp8: eb34c28f22e8b96e1ab97ce403110664 -> 
  custom:video-decoder-webm-vp8: 9c59270c3fd7afecdb556c50c9e8de78 -> 
  custom:audio-decoder-ogg-vorbis: bf7c407c2cedff20999df2af8eb42d56 -> 
  custom:audio-encoder-webm-vorbis: bf7c407c2cedff20999df2af8eb42d56 -> 
========================================================================
Received Prepare
Registering precompiled user dll's ...
Registered in 0.005072 seconds.
Begin MonoManager ReloadAssembly
Symbol file LoadedFromMemory doesn't match image C:\Users\Malina_Jakub\Documents\GitHub\JumpoGame\Library\PackageCache\com.unity.visualscripting@1.6.1\Editor\VisualScripting.Core\Dependencies\YamlDotNet\Unity.VisualScripting.YamlDotNet.dll
Symbol file LoadedFromMemory doesn't match image C:\Users\Malina_Jakub\Documents\GitHub\JumpoGame\Library\PackageCache\com.unity.visualscripting@1.6.1\Editor\VisualScripting.Core\Dependencies\DotNetZip\Unity.VisualScripting.IonicZip.dll
Native extension for WindowsStandalone target not found
Refreshing native plugins compatible for Editor in 0.84 ms, found 4 plugins.
Preloading 0 native plugins for Editor in 0.00 ms.
Mono: successfully reloaded assembly
- Completed reload, in  1.066 seconds
Domain Reload Profiling:
	ReloadAssembly (1066ms)
		BeginReloadAssembly (128ms)
			ExecutionOrderSort (0ms)
			DisableScriptedObjects (11ms)
			BackupInstance (0ms)
			ReleaseScriptingObjects (0ms)
			CreateAndSetChildDomain (41ms)
		EndReloadAssembly (880ms)
			LoadAssemblies (98ms)
			RebuildTransferFunctionScriptingTraits (0ms)
			SetupTypeCache (346ms)
			ReleaseScriptCaches (1ms)
			RebuildScriptCaches (42ms)
			SetupLoadedEditorAssemblies (293ms)
				LogAssemblyErrors (0ms)
				InitializePlatformSupportModulesInManaged (5ms)
				SetLoadedEditorAssemblies (0ms)
				RefreshPlugins (1ms)
				BeforeProcessingInitializeOnLoad (61ms)
				ProcessInitializeOnLoadAttributes (211ms)
				ProcessInitializeOnLoadMethodAttributes (10ms)
				AfterProcessingInitializeOnLoad (5ms)
				EditorAssembliesLoaded (0ms)
			ExecutionOrderSort2 (0ms)
			AwakeInstancesAfterBackupRestoration (19ms)
Platform modules already initialized, skipping
Refreshing native plugins compatible for Editor in 1.27 ms, found 4 plugins.
Preloading 0 native plugins for Editor in 0.00 ms.
Unloading 3671 Unused Serialized files (Serialized files now loaded: 0)
System memory in use before: 378.1 MB.
System memory in use after: 378.4 MB.

Unloading 18 unused Assets to reduce memory usage. Loaded Objects now: 4739.
Total: 6.142684 ms (FindLiveObjects: 0.650208 ms CreateObjectMapping: 0.393423 ms MarkObjects: 5.061622 ms  DeleteObjects: 0.035861 ms)

AssetImportParameters requested are different than current active one (requested -> active):
  custom:framework-win-MediaFoundation: 216162199b28c13a410421893ffa2e32 -> 
  custom:video-decoder-ogg-theora: a1e56fd34408186e4bbccfd4996cb3dc -> 
  custom:container-muxer-webm: aa71ff27fc2769a1b78a27578f13a17b -> 
  custom:container-demuxer-webm: 4f35f7cbe854078d1ac9338744f61a02 -> 
  custom:container-demuxer-ogg: 62fdf1f143b41e24485cea50d1cbac27 -> 
  custom:video-encoder-webm-vp8: eb34c28f22e8b96e1ab97ce403110664 -> 
  custom:video-decoder-webm-vp8: 9c59270c3fd7afecdb556c50c9e8de78 -> 
  custom:audio-decoder-ogg-vorbis: bf7c407c2cedff20999df2af8eb42d56 -> 
  custom:audio-encoder-webm-vorbis: bf7c407c2cedff20999df2af8eb42d56 -> 
========================================================================
Received Import Request.
  Time since last request: 658.117615 seconds.
  path: Assets/2D SpritePack/2DPlatformerPack/Island_1.png
  artifactKey: Guid(8428c48e20b5fbd4cb30bfcd8dad9f55) Importer(815301076,1909f56bfc062723c751e8b465ee728b)
Start importing Assets/2D SpritePack/2DPlatformerPack/Island_1.png using Guid(8428c48e20b5fbd4cb30bfcd8dad9f55) Importer(815301076,1909f56bfc062723c751e8b465ee728b)  -> (artifact id: 'ac663ab7804a81f7b02c28028f529d88') in 0.218859 seconds 
========================================================================
Received Import Request.
  Time since last request: 37.574898 seconds.
  path: Assets/2D SpritePack/2DPlatformerPack/Island_1.png
  artifactKey: Guid(8428c48e20b5fbd4cb30bfcd8dad9f55) Importer(815301076,1909f56bfc062723c751e8b465ee728b)
Start importing Assets/2D SpritePack/2DPlatformerPack/Island_1.png using Guid(8428c48e20b5fbd4cb30bfcd8dad9f55) Importer(815301076,1909f56bfc062723c751e8b465ee728b)  -> (artifact id: 'efbd268181987c464899057c262cf0f1') in 0.016537 seconds 
========================================================================
Received Import Request.
  Time since last request: 471.360890 seconds.
  path: Assets/TextMesh Pro/Resources/Fonts & Materials/LiberationSans SDF - Drop Shadow.mat
  artifactKey: Guid(e73a58f6e2794ae7b1b7e50b7fb811b0) Importer(815301076,1909f56bfc062723c751e8b465ee728b)
Start importing Assets/TextMesh Pro/Resources/Fonts & Materials/LiberationSans SDF - Drop Shadow.mat using Guid(e73a58f6e2794ae7b1b7e50b7fb811b0) Importer(815301076,1909f56bfc062723c751e8b465ee728b)  -> (artifact id: '482a362b8fe5ce36b302051eaf90a735') in 0.399286 seconds 
========================================================================
Received Import Request.
  Time since last request: 0.000543 seconds.
  path: Assets/TextMesh Pro/Resources/Fonts & Materials/LiberationSans SDF - Outline.mat
  artifactKey: Guid(79459efec17a4d00a321bdcc27bbc385) Importer(815301076,1909f56bfc062723c751e8b465ee728b)
Start importing Assets/TextMesh Pro/Resources/Fonts & Materials/LiberationSans SDF - Outline.mat using Guid(79459efec17a4d00a321bdcc27bbc385) Importer(815301076,1909f56bfc062723c751e8b465ee728b)  -> (artifact id: '73bfc51c5222557aa47c55c3d1b82acd') in 0.115701 seconds 
========================================================================
Received Import Request.
  Time since last request: 0.000312 seconds.
  path: Assets/TextMesh Pro/Resources/Fonts & Materials/LiberationSans SDF - Fallback.asset
  artifactKey: Guid(2e498d1c8094910479dc3e1b768306a4) Importer(815301076,1909f56bfc062723c751e8b465ee728b)
Start importing Assets/TextMesh Pro/Resources/Fonts & Materials/LiberationSans SDF - Fallback.asset using Guid(2e498d1c8094910479dc3e1b768306a4) Importer(815301076,1909f56bfc062723c751e8b465ee728b)  -> (artifact id: '73c4f4f2da4d2ab57d901e0f40ae3f2f') in 0.085186 seconds 
========================================================================
Received Import Request.
  Time since last request: 0.000239 seconds.
  path: Assets/TextMesh Pro/Resources/Fonts & Materials/LiberationSans SDF.asset
  artifactKey: Guid(8f586378b4e144a9851e7b34d9b748ee) Importer(815301076,1909f56bfc062723c751e8b465ee728b)
Start importing Assets/TextMesh Pro/Resources/Fonts & Materials/LiberationSans SDF.asset using Guid(8f586378b4e144a9851e7b34d9b748ee) Importer(815301076,1909f56bfc062723c751e8b465ee728b)  -> (artifact id: 'f8b7c8c3e3c9a45adbdca63c88707d17') in 0.059368 seconds 
========================================================================
Received Import Request.
  Time since last request: 2.886889 seconds.
  path: Assets/TextMesh Pro/Resources/TMP Settings.asset
  artifactKey: Guid(3f5b5dff67a942289a9defa416b206f3) Importer(815301076,1909f56bfc062723c751e8b465ee728b)
Start importing Assets/TextMesh Pro/Resources/TMP Settings.asset using Guid(3f5b5dff67a942289a9defa416b206f3) Importer(815301076,1909f56bfc062723c751e8b465ee728b)  -> (artifact id: '48c1b5b2a5c51f560115e3359f92e96c') in 0.099546 seconds 
========================================================================
Received Import Request.
  Time since last request: 0.745411 seconds.
  path: Assets/TextMesh Pro/Resources/Sprite Assets/EmojiOne.asset
  artifactKey: Guid(c41005c129ba4d66911b75229fd70b45) Importer(815301076,1909f56bfc062723c751e8b465ee728b)
Start importing Assets/TextMesh Pro/Resources/Sprite Assets/EmojiOne.asset using Guid(c41005c129ba4d66911b75229fd70b45) Importer(815301076,1909f56bfc062723c751e8b465ee728b)  -> (artifact id: 'ae9630bc5d9b3a5dfb6959979e721fb4') in 0.008377 seconds 
========================================================================
Received Import Request.
  Time since last request: 0.912869 seconds.
  path: Assets/TextMesh Pro/Resources/Style Sheets/Default Style Sheet.asset
  artifactKey: Guid(f952c082cb03451daed3ee968ac6c63e) Importer(815301076,1909f56bfc062723c751e8b465ee728b)
Start importing Assets/TextMesh Pro/Resources/Style Sheets/Default Style Sheet.asset using Guid(f952c082cb03451daed3ee968ac6c63e) Importer(815301076,1909f56bfc062723c751e8b465ee728b)  -> (artifact id: 'fe7d18d05c5cb4771e20e1f22d6e6f31') in 0.007138 seconds 
========================================================================
Received Import Request.
  Time since last request: 2.321903 seconds.
  path: Assets/TextMesh Pro/Sprites/EmojiOne.png
  artifactKey: Guid(dffef66376be4fa480fb02b19edbe903) Importer(815301076,1909f56bfc062723c751e8b465ee728b)
Start importing Assets/TextMesh Pro/Sprites/EmojiOne.png using Guid(dffef66376be4fa480fb02b19edbe903) Importer(815301076,1909f56bfc062723c751e8b465ee728b)  -> (artifact id: 'd10819fa39cb9cac7721b0d44e3076ec') in 0.015242 seconds 
========================================================================
Received Import Request.
  Time since last request: 17.197840 seconds.
  path: Packages/com.unity.2d.common
  artifactKey: Guid(a5dcdac2498697dc1122d527a3e49621) Importer(815301076,1909f56bfc062723c751e8b465ee728b)
Start importing Packages/com.unity.2d.common using Guid(a5dcdac2498697dc1122d527a3e49621) Importer(815301076,1909f56bfc062723c751e8b465ee728b)  -> (artifact id: '14eb4a9124aed34dcc9f6aaaba9a635a') in 0.009169 seconds 
========================================================================
Received Import Request.
  Time since last request: 0.706146 seconds.
  path: Packages/com.unity.2d.common/package.json
  artifactKey: Guid(68f1917ec3cac45b080c26153375c2bb) Importer(815301076,1909f56bfc062723c751e8b465ee728b)
Start importing Packages/com.unity.2d.common/package.json using Guid(68f1917ec3cac45b080c26153375c2bb) Importer(815301076,1909f56bfc062723c751e8b465ee728b)  -> (artifact id: '8bf0c85bb8e76e588a778e6160a36ba3') in 0.069526 seconds 
========================================================================
Received Import Request.
  Time since last request: 5.274101 seconds.
  path: Packages/com.unity.2d.tilemap/package.json
  artifactKey: Guid(51797d68d3132bb419217a229e09fc47) Importer(815301076,1909f56bfc062723c751e8b465ee728b)
Start importing Packages/com.unity.2d.tilemap/package.json using Guid(51797d68d3132bb419217a229e09fc47) Importer(815301076,1909f56bfc062723c751e8b465ee728b)  -> (artifact id: '22520fb1654722663eb25abdaed23609') in 0.025951 seconds 
========================================================================
Received Import Request.
  Time since last request: 2.576856 seconds.
  path: Packages/com.unity.2d.tilemap/Editor
  artifactKey: Guid(6b38a6882b80b1c4dbcca4bc844d7b9c) Importer(815301076,1909f56bfc062723c751e8b465ee728b)
Start importing Packages/com.unity.2d.tilemap/Editor using Guid(6b38a6882b80b1c4dbcca4bc844d7b9c) Importer(815301076,1909f56bfc062723c751e8b465ee728b)  -> (artifact id: '1a86a957c7553844e34b7aa40e2bc819') in 0.008173 seconds 
========================================================================
Received Import Request.
  Time since last request: 0.057760 seconds.
  path: Packages/com.unity.2d.tilemap/Editor/Unity.2D.Tilemap.Editor.asmdef
  artifactKey: Guid(3a9781db4804a9945b9883f3a7c46d45) Importer(815301076,1909f56bfc062723c751e8b465ee728b)
Start importing Packages/com.unity.2d.tilemap/Editor/Unity.2D.Tilemap.Editor.asmdef using Guid(3a9781db4804a9945b9883f3a7c46d45) Importer(815301076,1909f56bfc062723c751e8b465ee728b)  -> (artifact id: '86df9f85098986b5c3bc9f164a1f4748') in 0.007306 seconds 
========================================================================
Received Import Request.
  Time since last request: 3.844484 seconds.
  path: Packages/com.unity.2d.tilemap/Editor/ObjectCreationMenu
  artifactKey: Guid(b294a6b01c40240e1b1677cd56223441) Importer(815301076,1909f56bfc062723c751e8b465ee728b)
Start importing Packages/com.unity.2d.tilemap/Editor/ObjectCreationMenu using Guid(b294a6b01c40240e1b1677cd56223441) Importer(815301076,1909f56bfc062723c751e8b465ee728b)  -> (artifact id: 'af7db05416d9a02fbd6a24e777fd5997') in 0.007077 seconds 
========================================================================
Received Import Request.
  Time since last request: 28.143125 seconds.
  path: Assets/2D SpritePack/Demo
  artifactKey: Guid(6cdbec270dfb1e149bd340445b89ee0f) Importer(815301076,1909f56bfc062723c751e8b465ee728b)
Start importing Assets/2D SpritePack/Demo using Guid(6cdbec270dfb1e149bd340445b89ee0f) Importer(815301076,1909f56bfc062723c751e8b465ee728b)  -> (artifact id: 'b956a5171b78d53f797c02be98bcc2bf') in 0.012257 seconds 
========================================================================
Received Import Request.
  Time since last request: 0.000301 seconds.
  path: Assets/2D SpritePack/Demo/Player.physicsMaterial2D
  artifactKey: Guid(32e3aa5a834a4224ba4507bc1a89dd2a) Importer(815301076,1909f56bfc062723c751e8b465ee728b)
Start importing Assets/2D SpritePack/Demo/Player.physicsMaterial2D using Guid(32e3aa5a834a4224ba4507bc1a89dd2a) Importer(815301076,1909f56bfc062723c751e8b465ee728b)  -> (artifact id: 'e9f22964473ad6b1cc1c8f7d4893a1bd') in 0.014671 seconds 
========================================================================
Received Import Request.
  Time since last request: 5.808577 seconds.
  path: Assets/2D SpritePack/Demo/Prefabs
  artifactKey: Guid(91883fec5784b05488451085d175912e) Importer(815301076,1909f56bfc062723c751e8b465ee728b)
Start importing Assets/2D SpritePack/Demo/Prefabs using Guid(91883fec5784b05488451085d175912e) Importer(815301076,1909f56bfc062723c751e8b465ee728b)  -> (artifact id: 'c77dece104550cd25150681fd3795e58') in 0.008792 seconds 
========================================================================
Received Import Request.
  Time since last request: 0.045474 seconds.
  path: Assets/2D SpritePack/Demo/Prefabs/Block_1.prefab
  artifactKey: Guid(cf725c33733d892478651751e5ac564a) Importer(815301076,1909f56bfc062723c751e8b465ee728b)
Start importing Assets/2D SpritePack/Demo/Prefabs/Block_1.prefab using Guid(cf725c33733d892478651751e5ac564a) Importer(815301076,1909f56bfc062723c751e8b465ee728b)  -> (artifact id: '896cbc535e7f19d65d697a4dfff4fd86') in 0.360164 seconds 
========================================================================
Received Import Request.
  Time since last request: 0.000291 seconds.
  path: Assets/2D SpritePack/Demo/Prefabs/Island_1.prefab
  artifactKey: Guid(a468dafd46efc3949a72c1de321c613e) Importer(815301076,1909f56bfc062723c751e8b465ee728b)
Start importing Assets/2D SpritePack/Demo/Prefabs/Island_1.prefab using Guid(a468dafd46efc3949a72c1de321c613e) Importer(815301076,1909f56bfc062723c751e8b465ee728b)  -> (artifact id: '60c9b6c10a3c02d116d68cd1f3c71778') in 0.025431 seconds 
========================================================================
Received Import Request.
  Time since last request: 0.000254 seconds.
  path: Assets/2D SpritePack/Demo/Prefabs/Saw_1.prefab
  artifactKey: Guid(30b535c0655b76b4dae176b271b46d26) Importer(815301076,1909f56bfc062723c751e8b465ee728b)
Start importing Assets/2D SpritePack/Demo/Prefabs/Saw_1.prefab using Guid(30b535c0655b76b4dae176b271b46d26) Importer(815301076,1909f56bfc062723c751e8b465ee728b)  -> (artifact id: 'ef6e777f76c5b0a438217c58d6cc6862') in 0.049852 seconds 
========================================================================
Received Import Request.
  Time since last request: 0.000305 seconds.
  path: Assets/2D SpritePack/Demo/Prefabs/Character.prefab
  artifactKey: Guid(7e7029a2c4bda8d43842eb0568e6c75a) Importer(815301076,1909f56bfc062723c751e8b465ee728b)
Start importing Assets/2D SpritePack/Demo/Prefabs/Character.prefab using Guid(7e7029a2c4bda8d43842eb0568e6c75a) Importer(815301076,1909f56bfc062723c751e8b465ee728b)  -> (artifact id: 'dc4fad6662282fc3c7914fef3d5f9f98') in 0.070264 seconds 
========================================================================
Received Import Request.
  Time since last request: 0.000293 seconds.
  path: Assets/2D SpritePack/Demo/Prefabs/Block_4.prefab
  artifactKey: Guid(2b497f1760cd959499c00b04288a12e6) Importer(815301076,1909f56bfc062723c751e8b465ee728b)
Start importing Assets/2D SpritePack/Demo/Prefabs/Block_4.prefab using Guid(2b497f1760cd959499c00b04288a12e6) Importer(815301076,1909f56bfc062723c751e8b465ee728b)  -> (artifact id: '56d341a7276ee26230bf576a63f49f13') in 0.035041 seconds 
========================================================================
Received Import Request.
  Time since last request: 0.000308 seconds.
  path: Assets/2D SpritePack/Demo/Prefabs/Saw_3.prefab
  artifactKey: Guid(8ab875319b7f25a44b27b9e1b0056a24) Importer(815301076,1909f56bfc062723c751e8b465ee728b)
Start importing Assets/2D SpritePack/Demo/Prefabs/Saw_3.prefab using Guid(8ab875319b7f25a44b27b9e1b0056a24) Importer(815301076,1909f56bfc062723c751e8b465ee728b)  -> (artifact id: '979fcd091e2a1b207fa464e39df95d6f') in 0.036209 seconds 
========================================================================
Received Import Request.
  Time since last request: 0.000306 seconds.
  path: Assets/2D SpritePack/Demo/Prefabs/Platform_4.prefab
  artifactKey: Guid(f446f90bf5db86948b37b95b4f762980) Importer(815301076,1909f56bfc062723c751e8b465ee728b)
Start importing Assets/2D SpritePack/Demo/Prefabs/Platform_4.prefab using Guid(f446f90bf5db86948b37b95b4f762980) Importer(815301076,1909f56bfc062723c751e8b465ee728b)  -> (artifact id: '28cc5721fa628fcf7cf1bf92ed53b573') in 0.048985 seconds 
========================================================================
Received Import Request.
  Time since last request: 0.000318 seconds.
  path: Assets/2D SpritePack/Demo/Prefabs/Saw_2.prefab
  artifactKey: Guid(9cf2479e3421d514fb5f4de4b38b66a6) Importer(815301076,1909f56bfc062723c751e8b465ee728b)
Start importing Assets/2D SpritePack/Demo/Prefabs/Saw_2.prefab using Guid(9cf2479e3421d514fb5f4de4b38b66a6) Importer(815301076,1909f56bfc062723c751e8b465ee728b)  -> (artifact id: '19650ea7c17e5917ad3ce6f496958fb4') in 0.036691 seconds 
========================================================================
Received Import Request.
  Time since last request: 0.000312 seconds.
  path: Assets/2D SpritePack/Demo/Prefabs/Platform_3.prefab
  artifactKey: Guid(3c810389937833b418277de0d710b1a9) Importer(815301076,1909f56bfc062723c751e8b465ee728b)
Start importing Assets/2D SpritePack/Demo/Prefabs/Platform_3.prefab using Guid(3c810389937833b418277de0d710b1a9) Importer(815301076,1909f56bfc062723c751e8b465ee728b)  -> (artifact id: 'd7cbf5df170f872e7bc94f4183dca525') in 0.040914 seconds 
========================================================================
Received Import Request.
  Time since last request: 0.000327 seconds.
  path: Assets/2D SpritePack/Demo/Prefabs/Island_2.prefab
  artifactKey: Guid(6d44212a1775bed4c83b0c2d5e0667b6) Importer(815301076,1909f56bfc062723c751e8b465ee728b)
Start importing Assets/2D SpritePack/Demo/Prefabs/Island_2.prefab using Guid(6d44212a1775bed4c83b0c2d5e0667b6) Importer(815301076,1909f56bfc062723c751e8b465ee728b)  -> (artifact id: '073badb63fe2b7502954a0f863424e5b') in 0.040790 seconds 
========================================================================
Received Import Request.
  Time since last request: 0.000322 seconds.
  path: Assets/2D SpritePack/Demo/Prefabs/Block_2.prefab
  artifactKey: Guid(e1dbd2931eaba1b498d1b84980cfcbc4) Importer(815301076,1909f56bfc062723c751e8b465ee728b)
Start importing Assets/2D SpritePack/Demo/Prefabs/Block_2.prefab using Guid(e1dbd2931eaba1b498d1b84980cfcbc4) Importer(815301076,1909f56bfc062723c751e8b465ee728b)  -> (artifact id: 'f2c2d3b3be5655aab5e2a703b084e7da') in 0.033569 seconds 
========================================================================
Received Import Request.
  Time since last request: 0.000259 seconds.
  path: Assets/2D SpritePack/Demo/Prefabs/Block_3.prefab
  artifactKey: Guid(3e909940e76d5fc4cb65b0e826fd4c27) Importer(815301076,1909f56bfc062723c751e8b465ee728b)
Start importing Assets/2D SpritePack/Demo/Prefabs/Block_3.prefab using Guid(3e909940e76d5fc4cb65b0e826fd4c27) Importer(815301076,1909f56bfc062723c751e8b465ee728b)  -> (artifact id: '62998834775a0427ac51e2541a1665e2') in 0.031727 seconds 
========================================================================
Received Import Request.
  Time since last request: 0.000223 seconds.
  path: Assets/2D SpritePack/Demo/Prefabs/Box.prefab
  artifactKey: Guid(95bc5ada4040cbb439949210a412bc2c) Importer(815301076,1909f56bfc062723c751e8b465ee728b)
Start importing Assets/2D SpritePack/Demo/Prefabs/Box.prefab using Guid(95bc5ada4040cbb439949210a412bc2c) Importer(815301076,1909f56bfc062723c751e8b465ee728b)  -> (artifact id: '12bfa2e8198f562d22f4044423320cf4') in 0.028030 seconds 
========================================================================
Received Import Request.
  Time since last request: 0.000188 seconds.
  path: Assets/2D SpritePack/Demo/Prefabs/Platform_5.prefab
  artifactKey: Guid(5a6afcca1e939b64aa20686b87764697) Importer(815301076,1909f56bfc062723c751e8b465ee728b)
Start importing Assets/2D SpritePack/Demo/Prefabs/Platform_5.prefab using Guid(5a6afcca1e939b64aa20686b87764697) Importer(815301076,1909f56bfc062723c751e8b465ee728b)  -> (artifact id: 'ad8138c27850270a8f9571476c7cbc30') in 0.037915 seconds 
========================================================================
Received Import Request.
  Time since last request: 13.159260 seconds.
  path: Assets/2D SpritePack/Demo/Scene/DemoScene.unity
  artifactKey: Guid(430eb470cc4db714aac4b5c0dfd50dd2) Importer(815301076,1909f56bfc062723c751e8b465ee728b)
Start importing Assets/2D SpritePack/Demo/Scene/DemoScene.unity using Guid(430eb470cc4db714aac4b5c0dfd50dd2) Importer(815301076,1909f56bfc062723c751e8b465ee728b)  -> (artifact id: '39838b18d5d6460fb68699260c38ceab') in 0.008674 seconds 
========================================================================
Received Import Request.
  Time since last request: 37.604560 seconds.
  path: Assets/GenjiFotka.png
  artifactKey: Guid(8e1257b0b99346346862410be6118d63) Importer(815301076,1909f56bfc062723c751e8b465ee728b)
Start importing Assets/GenjiFotka.png using Guid(8e1257b0b99346346862410be6118d63) Importer(815301076,1909f56bfc062723c751e8b465ee728b)  -> (artifact id: '5f68f91b21d5ce05d02768f92951e2c5') in 0.051430 seconds 
========================================================================
Received Import Request.
  Time since last request: 0.000455 seconds.
  path: Assets/lost_ruins_of_arken_tar_by_jjpeabody_da3ct9b-fullview.jpg
  artifactKey: Guid(a40604737aadbd64ebbe4ee749136a37) Importer(815301076,1909f56bfc062723c751e8b465ee728b)
Start importing Assets/lost_ruins_of_arken_tar_by_jjpeabody_da3ct9b-fullview.jpg using Guid(a40604737aadbd64ebbe4ee749136a37) Importer(815301076,1909f56bfc062723c751e8b465ee728b)  -> (artifact id: 'e6de5bc751e486abc20ccd54291c7fb1') in 0.035151 seconds 
========================================================================
Received Import Request.
  Time since last request: 316.887305 seconds.
  path: Assets/fd3cad27731a07f1eef02c266e3aebd3.jpg
  artifactKey: Guid(0f061ad6ae6995644a5fba2d20a63704) Importer(815301076,1909f56bfc062723c751e8b465ee728b)
Start importing Assets/fd3cad27731a07f1eef02c266e3aebd3.jpg using Guid(0f061ad6ae6995644a5fba2d20a63704) Importer(815301076,1909f56bfc062723c751e8b465ee728b)  -> (artifact id: '70fd447b90e9785006e3db669f7bd318') in 0.052509 seconds 
========================================================================
Received Prepare
Registering precompiled user dll's ...
Registered in 0.068586 seconds.
Begin MonoManager ReloadAssembly
Symbol file LoadedFromMemory doesn't match image C:\Users\Malina_Jakub\Documents\GitHub\JumpoGame\Library\PackageCache\com.unity.visualscripting@1.6.1\Editor\VisualScripting.Core\Dependencies\YamlDotNet\Unity.VisualScripting.YamlDotNet.dll
Symbol file LoadedFromMemory doesn't match image C:\Users\Malina_Jakub\Documents\GitHub\JumpoGame\Library\PackageCache\com.unity.visualscripting@1.6.1\Editor\VisualScripting.Core\Dependencies\DotNetZip\Unity.VisualScripting.IonicZip.dll
Native extension for WindowsStandalone target not found
Refreshing native plugins compatible for Editor in 1.23 ms, found 4 plugins.
Preloading 0 native plugins for Editor in 0.00 ms.
Mono: successfully reloaded assembly
- Completed reload, in  3.302 seconds
Domain Reload Profiling:
	ReloadAssembly (3303ms)
		BeginReloadAssembly (362ms)
			ExecutionOrderSort (0ms)
			DisableScriptedObjects (31ms)
			BackupInstance (0ms)
			ReleaseScriptingObjects (0ms)
			CreateAndSetChildDomain (116ms)
		EndReloadAssembly (2771ms)
			LoadAssemblies (318ms)
			RebuildTransferFunctionScriptingTraits (0ms)
			SetupTypeCache (1064ms)
			ReleaseScriptCaches (3ms)
			RebuildScriptCaches (138ms)
			SetupLoadedEditorAssemblies (898ms)
				LogAssemblyErrors (0ms)
				InitializePlatformSupportModulesInManaged (14ms)
				SetLoadedEditorAssemblies (2ms)
				RefreshPlugins (1ms)
				BeforeProcessingInitializeOnLoad (167ms)
				ProcessInitializeOnLoadAttributes (671ms)
				ProcessInitializeOnLoadMethodAttributes (26ms)
				AfterProcessingInitializeOnLoad (16ms)
				EditorAssembliesLoaded (1ms)
			ExecutionOrderSort2 (0ms)
			AwakeInstancesAfterBackupRestoration (65ms)
Platform modules already initialized, skipping
Refreshing native plugins compatible for Editor in 2.09 ms, found 4 plugins.
Preloading 0 native plugins for Editor in 0.00 ms.
Unloading 3677 Unused Serialized files (Serialized files now loaded: 0)
System memory in use before: 385.1 MB.
System memory in use after: 385.3 MB.

Unloading 18 unused Assets to reduce memory usage. Loaded Objects now: 4904.
Total: 11.881213 ms (FindLiveObjects: 1.225553 ms CreateObjectMapping: 1.567933 ms MarkObjects: 9.034591 ms  DeleteObjects: 0.047902 ms)

AssetImportParameters requested are different than current active one (requested -> active):
  custom:framework-win-MediaFoundation: 216162199b28c13a410421893ffa2e32 -> 
  custom:video-decoder-ogg-theora: a1e56fd34408186e4bbccfd4996cb3dc -> 
  custom:container-muxer-webm: aa71ff27fc2769a1b78a27578f13a17b -> 
  custom:container-demuxer-webm: 4f35f7cbe854078d1ac9338744f61a02 -> 
  custom:container-demuxer-ogg: 62fdf1f143b41e24485cea50d1cbac27 -> 
  custom:video-encoder-webm-vp8: eb34c28f22e8b96e1ab97ce403110664 -> 
  custom:video-decoder-webm-vp8: 9c59270c3fd7afecdb556c50c9e8de78 -> 
  custom:audio-decoder-ogg-vorbis: bf7c407c2cedff20999df2af8eb42d56 -> 
  custom:audio-encoder-webm-vorbis: bf7c407c2cedff20999df2af8eb42d56 -> 
========================================================================
Received Prepare
Registering precompiled user dll's ...
Registered in 0.007127 seconds.
Begin MonoManager ReloadAssembly
Symbol file LoadedFromMemory doesn't match image C:\Users\Malina_Jakub\Documents\GitHub\JumpoGame\Library\PackageCache\com.unity.visualscripting@1.6.1\Editor\VisualScripting.Core\Dependencies\YamlDotNet\Unity.VisualScripting.YamlDotNet.dll
Symbol file LoadedFromMemory doesn't match image C:\Users\Malina_Jakub\Documents\GitHub\JumpoGame\Library\PackageCache\com.unity.visualscripting@1.6.1\Editor\VisualScripting.Core\Dependencies\DotNetZip\Unity.VisualScripting.IonicZip.dll
Native extension for WindowsStandalone target not found
Refreshing native plugins compatible for Editor in 0.86 ms, found 4 plugins.
Preloading 0 native plugins for Editor in 0.00 ms.
Mono: successfully reloaded assembly
- Completed reload, in  1.245 seconds
Domain Reload Profiling:
	ReloadAssembly (1245ms)
		BeginReloadAssembly (147ms)
			ExecutionOrderSort (0ms)
			DisableScriptedObjects (12ms)
			BackupInstance (0ms)
			ReleaseScriptingObjects (0ms)
			CreateAndSetChildDomain (41ms)
		EndReloadAssembly (1042ms)
			LoadAssemblies (145ms)
			RebuildTransferFunctionScriptingTraits (0ms)
			SetupTypeCache (382ms)
			ReleaseScriptCaches (2ms)
			RebuildScriptCaches (55ms)
			SetupLoadedEditorAssemblies (342ms)
				LogAssemblyErrors (0ms)
				InitializePlatformSupportModulesInManaged (5ms)
				SetLoadedEditorAssemblies (0ms)
				RefreshPlugins (1ms)
				BeforeProcessingInitializeOnLoad (65ms)
				ProcessInitializeOnLoadAttributes (250ms)
				ProcessInitializeOnLoadMethodAttributes (13ms)
				AfterProcessingInitializeOnLoad (7ms)
				EditorAssembliesLoaded (0ms)
			ExecutionOrderSort2 (0ms)
			AwakeInstancesAfterBackupRestoration (27ms)
Platform modules already initialized, skipping
Refreshing native plugins compatible for Editor in 1.26 ms, found 4 plugins.
Preloading 0 native plugins for Editor in 0.00 ms.
Unloading 3671 Unused Serialized files (Serialized files now loaded: 0)
System memory in use before: 384.9 MB.
System memory in use after: 385.2 MB.

Unloading 18 unused Assets to reduce memory usage. Loaded Objects now: 4907.
Total: 5.994529 ms (FindLiveObjects: 0.639476 ms CreateObjectMapping: 0.439754 ms MarkObjects: 4.875512 ms  DeleteObjects: 0.037693 ms)

AssetImportParameters requested are different than current active one (requested -> active):
  custom:framework-win-MediaFoundation: 216162199b28c13a410421893ffa2e32 -> 
  custom:video-decoder-ogg-theora: a1e56fd34408186e4bbccfd4996cb3dc -> 
  custom:container-muxer-webm: aa71ff27fc2769a1b78a27578f13a17b -> 
  custom:container-demuxer-webm: 4f35f7cbe854078d1ac9338744f61a02 -> 
  custom:container-demuxer-ogg: 62fdf1f143b41e24485cea50d1cbac27 -> 
  custom:video-encoder-webm-vp8: eb34c28f22e8b96e1ab97ce403110664 -> 
  custom:video-decoder-webm-vp8: 9c59270c3fd7afecdb556c50c9e8de78 -> 
  custom:audio-decoder-ogg-vorbis: bf7c407c2cedff20999df2af8eb42d56 -> 
  custom:audio-encoder-webm-vorbis: bf7c407c2cedff20999df2af8eb42d56 -> 
========================================================================
Received Prepare
Registering precompiled user dll's ...
Registered in 0.005722 seconds.
Begin MonoManager ReloadAssembly
Symbol file LoadedFromMemory doesn't match image C:\Users\Malina_Jakub\Documents\GitHub\JumpoGame\Library\PackageCache\com.unity.visualscripting@1.6.1\Editor\VisualScripting.Core\Dependencies\YamlDotNet\Unity.VisualScripting.YamlDotNet.dll
Symbol file LoadedFromMemory doesn't match image C:\Users\Malina_Jakub\Documents\GitHub\JumpoGame\Library\PackageCache\com.unity.visualscripting@1.6.1\Editor\VisualScripting.Core\Dependencies\DotNetZip\Unity.VisualScripting.IonicZip.dll
Native extension for WindowsStandalone target not found
Refreshing native plugins compatible for Editor in 1.10 ms, found 4 plugins.
Preloading 0 native plugins for Editor in 0.00 ms.
Mono: successfully reloaded assembly
- Completed reload, in  1.167 seconds
Domain Reload Profiling:
	ReloadAssembly (1167ms)
		BeginReloadAssembly (144ms)
			ExecutionOrderSort (0ms)
			DisableScriptedObjects (16ms)
			BackupInstance (0ms)
			ReleaseScriptingObjects (0ms)
			CreateAndSetChildDomain (41ms)
		EndReloadAssembly (967ms)
			LoadAssemblies (110ms)
			RebuildTransferFunctionScriptingTraits (0ms)
			SetupTypeCache (353ms)
			ReleaseScriptCaches (1ms)
			RebuildScriptCaches (46ms)
			SetupLoadedEditorAssemblies (335ms)
				LogAssemblyErrors (0ms)
				InitializePlatformSupportModulesInManaged (6ms)
				SetLoadedEditorAssemblies (1ms)
				RefreshPlugins (1ms)
				BeforeProcessingInitializeOnLoad (68ms)
				ProcessInitializeOnLoadAttributes (240ms)
				ProcessInitializeOnLoadMethodAttributes (10ms)
				AfterProcessingInitializeOnLoad (8ms)
				EditorAssembliesLoaded (0ms)
			ExecutionOrderSort2 (0ms)
			AwakeInstancesAfterBackupRestoration (25ms)
Platform modules already initialized, skipping
Refreshing native plugins compatible for Editor in 1.31 ms, found 4 plugins.
Preloading 0 native plugins for Editor in 0.00 ms.
Unloading 3671 Unused Serialized files (Serialized files now loaded: 0)
System memory in use before: 384.9 MB.
System memory in use after: 385.2 MB.

Unloading 18 unused Assets to reduce memory usage. Loaded Objects now: 4910.
Total: 5.994005 ms (FindLiveObjects: 0.576915 ms CreateObjectMapping: 0.429284 ms MarkObjects: 4.946448 ms  DeleteObjects: 0.038740 ms)

AssetImportParameters requested are different than current active one (requested -> active):
  custom:framework-win-MediaFoundation: 216162199b28c13a410421893ffa2e32 -> 
  custom:video-decoder-ogg-theora: a1e56fd34408186e4bbccfd4996cb3dc -> 
  custom:container-muxer-webm: aa71ff27fc2769a1b78a27578f13a17b -> 
  custom:container-demuxer-webm: 4f35f7cbe854078d1ac9338744f61a02 -> 
  custom:container-demuxer-ogg: 62fdf1f143b41e24485cea50d1cbac27 -> 
  custom:video-encoder-webm-vp8: eb34c28f22e8b96e1ab97ce403110664 -> 
  custom:video-decoder-webm-vp8: 9c59270c3fd7afecdb556c50c9e8de78 -> 
  custom:audio-decoder-ogg-vorbis: bf7c407c2cedff20999df2af8eb42d56 -> 
  custom:audio-encoder-webm-vorbis: bf7c407c2cedff20999df2af8eb42d56 -> 
========================================================================
Received Prepare
Registering precompiled user dll's ...
Registered in 0.005539 seconds.
Begin MonoManager ReloadAssembly
Symbol file LoadedFromMemory doesn't match image C:\Users\Malina_Jakub\Documents\GitHub\JumpoGame\Library\PackageCache\com.unity.visualscripting@1.6.1\Editor\VisualScripting.Core\Dependencies\YamlDotNet\Unity.VisualScripting.YamlDotNet.dll
Symbol file LoadedFromMemory doesn't match image C:\Users\Malina_Jakub\Documents\GitHub\JumpoGame\Library\PackageCache\com.unity.visualscripting@1.6.1\Editor\VisualScripting.Core\Dependencies\DotNetZip\Unity.VisualScripting.IonicZip.dll
Native extension for WindowsStandalone target not found
Refreshing native plugins compatible for Editor in 0.70 ms, found 4 plugins.
Preloading 0 native plugins for Editor in 0.00 ms.
Mono: successfully reloaded assembly
- Completed reload, in  1.188 seconds
Domain Reload Profiling:
	ReloadAssembly (1189ms)
		BeginReloadAssembly (132ms)
			ExecutionOrderSort (0ms)
			DisableScriptedObjects (12ms)
			BackupInstance (0ms)
			ReleaseScriptingObjects (0ms)
			CreateAndSetChildDomain (43ms)
		EndReloadAssembly (994ms)
			LoadAssemblies (112ms)
			RebuildTransferFunctionScriptingTraits (0ms)
			SetupTypeCache (373ms)
			ReleaseScriptCaches (2ms)
			RebuildScriptCaches (51ms)
			SetupLoadedEditorAssemblies (334ms)
				LogAssemblyErrors (0ms)
				InitializePlatformSupportModulesInManaged (5ms)
				SetLoadedEditorAssemblies (0ms)
				RefreshPlugins (1ms)
				BeforeProcessingInitializeOnLoad (77ms)
				ProcessInitializeOnLoadAttributes (235ms)
				ProcessInitializeOnLoadMethodAttributes (10ms)
				AfterProcessingInitializeOnLoad (6ms)
				EditorAssembliesLoaded (0ms)
			ExecutionOrderSort2 (0ms)
			AwakeInstancesAfterBackupRestoration (26ms)
Platform modules already initialized, skipping
Refreshing native plugins compatible for Editor in 1.26 ms, found 4 plugins.
Preloading 0 native plugins for Editor in 0.00 ms.
Unloading 3671 Unused Serialized files (Serialized files now loaded: 0)
System memory in use before: 384.9 MB.
System memory in use after: 385.2 MB.

Unloading 18 unused Assets to reduce memory usage. Loaded Objects now: 4913.
Total: 6.174357 ms (FindLiveObjects: 0.574560 ms CreateObjectMapping: 0.416196 ms MarkObjects: 5.148526 ms  DeleteObjects: 0.032982 ms)

AssetImportParameters requested are different than current active one (requested -> active):
  custom:framework-win-MediaFoundation: 216162199b28c13a410421893ffa2e32 -> 
  custom:video-decoder-ogg-theora: a1e56fd34408186e4bbccfd4996cb3dc -> 
  custom:container-muxer-webm: aa71ff27fc2769a1b78a27578f13a17b -> 
  custom:container-demuxer-webm: 4f35f7cbe854078d1ac9338744f61a02 -> 
  custom:container-demuxer-ogg: 62fdf1f143b41e24485cea50d1cbac27 -> 
  custom:video-encoder-webm-vp8: eb34c28f22e8b96e1ab97ce403110664 -> 
  custom:video-decoder-webm-vp8: 9c59270c3fd7afecdb556c50c9e8de78 -> 
  custom:audio-decoder-ogg-vorbis: bf7c407c2cedff20999df2af8eb42d56 -> 
  custom:audio-encoder-webm-vorbis: bf7c407c2cedff20999df2af8eb42d56 -> 
========================================================================
Received Prepare
Registering precompiled user dll's ...
Registered in 0.222983 seconds.
Begin MonoManager ReloadAssembly
Symbol file LoadedFromMemory doesn't match image C:\Users\Malina_Jakub\Documents\GitHub\JumpoGame\Library\PackageCache\com.unity.visualscripting@1.6.1\Editor\VisualScripting.Core\Dependencies\YamlDotNet\Unity.VisualScripting.YamlDotNet.dll
Symbol file LoadedFromMemory doesn't match image C:\Users\Malina_Jakub\Documents\GitHub\JumpoGame\Library\PackageCache\com.unity.visualscripting@1.6.1\Editor\VisualScripting.Core\Dependencies\DotNetZip\Unity.VisualScripting.IonicZip.dll
Native extension for WindowsStandalone target not found
Refreshing native plugins compatible for Editor in 0.84 ms, found 4 plugins.
Preloading 0 native plugins for Editor in 0.00 ms.
Mono: successfully reloaded assembly
- Completed reload, in  7.662 seconds
Domain Reload Profiling:
	ReloadAssembly (7662ms)
		BeginReloadAssembly (3559ms)
			ExecutionOrderSort (0ms)
			DisableScriptedObjects (11ms)
			BackupInstance (0ms)
			ReleaseScriptingObjects (0ms)
			CreateAndSetChildDomain (36ms)
		EndReloadAssembly (4048ms)
			LoadAssemblies (6582ms)
			RebuildTransferFunctionScriptingTraits (0ms)
			SetupTypeCache (320ms)
			ReleaseScriptCaches (1ms)
			RebuildScriptCaches (42ms)
			SetupLoadedEditorAssemblies (439ms)
				LogAssemblyErrors (0ms)
				InitializePlatformSupportModulesInManaged (4ms)
				SetLoadedEditorAssemblies (0ms)
				RefreshPlugins (1ms)
				BeforeProcessingInitializeOnLoad (60ms)
				ProcessInitializeOnLoadAttributes (358ms)
				ProcessInitializeOnLoadMethodAttributes (9ms)
				AfterProcessingInitializeOnLoad (5ms)
				EditorAssembliesLoaded (0ms)
			ExecutionOrderSort2 (0ms)
			AwakeInstancesAfterBackupRestoration (19ms)
Platform modules already initialized, skipping
Refreshing native plugins compatible for Editor in 0.71 ms, found 4 plugins.
Preloading 0 native plugins for Editor in 0.00 ms.
Unloading 3671 Unused Serialized files (Serialized files now loaded: 0)
System memory in use before: 385.0 MB.
System memory in use after: 385.3 MB.

Unloading 18 unused Assets to reduce memory usage. Loaded Objects now: 4916.
Total: 4.129762 ms (FindLiveObjects: 0.343951 ms CreateObjectMapping: 0.184016 ms MarkObjects: 3.577190 ms  DeleteObjects: 0.023558 ms)

AssetImportParameters requested are different than current active one (requested -> active):
  custom:framework-win-MediaFoundation: 216162199b28c13a410421893ffa2e32 -> 
  custom:video-decoder-ogg-theora: a1e56fd34408186e4bbccfd4996cb3dc -> 
  custom:container-muxer-webm: aa71ff27fc2769a1b78a27578f13a17b -> 
  custom:container-demuxer-webm: 4f35f7cbe854078d1ac9338744f61a02 -> 
  custom:container-demuxer-ogg: 62fdf1f143b41e24485cea50d1cbac27 -> 
  custom:video-encoder-webm-vp8: eb34c28f22e8b96e1ab97ce403110664 -> 
  custom:video-decoder-webm-vp8: 9c59270c3fd7afecdb556c50c9e8de78 -> 
  custom:audio-decoder-ogg-vorbis: bf7c407c2cedff20999df2af8eb42d56 -> 
  custom:audio-encoder-webm-vorbis: bf7c407c2cedff20999df2af8eb42d56 -> 
